{
  "RSpec": {
    "coverage": {
      "/Users/ch/Development/ticketee/app/models/user.rb": [
        1,
        null,
        null,
        1,
        null,
        null,
        null,
        null,
        1,
        1,
        null,
        1,
        null,
        1,
        0,
        null,
        null
      ],
      "/Users/ch/Development/ticketee/app/controllers/application_controller.rb": [
        1,
        1,
        1,
        null,
        1,
        null,
        1,
        0,
        0,
        0,
        0,
        null,
        null,
        null,
        1,
        39,
        null,
        null
      ],
      "/Users/ch/Development/ticketee/app/helpers/application_helper.rb": [
        1,
        1,
        5,
        5,
        5,
        null,
        null,
        null,
        null,
        1,
        40,
        null,
        null,
        1,
        14,
        null,
        null
      ],
      "/Users/ch/Development/ticketee/app/helpers/admin/permissions_helper.rb": [
        1,
        1,
        null,
        null,
        null,
        null,
        null,
        null,
        0,
        null,
        null
      ],
      "/Users/ch/Development/ticketee/app/helpers/admin/states_helper.rb": [
        1,
        null
      ],
      "/Users/ch/Development/ticketee/app/helpers/admin/users_helper.rb": [
        1,
        null
      ],
      "/Users/ch/Development/ticketee/app/helpers/comments_helper.rb": [
        1,
        null
      ],
      "/Users/ch/Development/ticketee/app/helpers/files_helper.rb": [
        1,
        null
      ],
      "/Users/ch/Development/ticketee/app/helpers/projects_helper.rb": [
        1,
        null
      ],
      "/Users/ch/Development/ticketee/app/helpers/tickets_helper.rb": [
        1,
        1,
        0,
        0,
        0,
        0,
        0,
        null,
        0,
        null,
        null,
        null,
        null,
        null
      ],
      "/Users/ch/Development/ticketee/app/helpers/users_helper.rb": [
        1,
        null
      ],
      "/Users/ch/Development/ticketee/app/controllers/admin/base_controller.rb": [
        1,
        1,
        null,
        1,
        null,
        null
      ],
      "/Users/ch/Development/ticketee/app/controllers/admin/permissions_controller.rb": [
        1,
        1,
        null,
        1,
        0,
        0,
        null,
        null,
        1,
        0,
        null,
        null,
        0,
        0,
        0,
        null,
        0,
        null,
        0,
        0,
        null,
        null,
        1,
        null,
        1,
        0,
        null,
        null
      ],
      "/Users/ch/Development/ticketee/app/models/permission.rb": [
        1,
        1,
        1,
        1,
        null
      ],
      "/Users/ch/Development/ticketee/app/controllers/admin/states_controller.rb": [
        1,
        1,
        0,
        null,
        null,
        1,
        0,
        null,
        null,
        1,
        0,
        null,
        0,
        0,
        0,
        null,
        0,
        0,
        null,
        null,
        null,
        1,
        0,
        0,
        null,
        0,
        0,
        null,
        null
      ],
      "/Users/ch/Development/ticketee/app/models/state.rb": [
        1,
        1,
        null,
        1,
        0,
        null,
        null,
        1,
        0,
        null,
        0,
        0,
        null,
        0,
        0,
        0,
        null,
        null,
        null
      ],
      "/Users/ch/Development/ticketee/app/controllers/admin/users_controller.rb": [
        1,
        1,
        null,
        1,
        0,
        null,
        null,
        1,
        0,
        null,
        null,
        1,
        0,
        null,
        0,
        0,
        0,
        null,
        0,
        0,
        null,
        null,
        null,
        1,
        0,
        null,
        0,
        0,
        0,
        null,
        null,
        0,
        0,
        0,
        null,
        0,
        0,
        null,
        null,
        null,
        1,
        0,
        0,
        null,
        0,
        0,
        null,
        null,
        0,
        null,
        null,
        1,
        null,
        1,
        0,
        null,
        null,
        null
      ],
      "/Users/ch/Development/ticketee/app/controllers/comments_controller.rb": [
        1,
        1,
        1,
        null,
        1,
        0,
        0,
        null,
        null,
        0,
        0,
        null,
        0,
        0,
        0,
        null,
        0,
        0,
        0,
        null,
        null,
        null,
        1,
        null,
        1,
        0,
        null,
        null
      ],
      "/Users/ch/Development/ticketee/app/models/comment.rb": [
        1,
        1,
        1,
        1,
        1,
        1,
        1,
        1,
        1,
        null,
        1,
        null,
        1,
        null,
        1,
        0,
        0,
        null,
        null,
        1,
        0,
        null,
        null
      ],
      "/Users/ch/Development/ticketee/app/controllers/files_controller.rb": [
        1,
        1,
        null,
        1,
        1,
        1,
        null,
        1,
        null,
        null,
        1,
        0,
        null,
        0,
        0,
        null,
        null,
        null,
        0,
        0,
        null,
        null,
        null
      ],
      "/Users/ch/Development/ticketee/app/controllers/projects_controller.rb": [
        1,
        1,
        1,
        1,
        null,
        1,
        10,
        null,
        null,
        1,
        0,
        null,
        null,
        1,
        0,
        0,
        0,
        null,
        0,
        0,
        null,
        null,
        null,
        1,
        null,
        null,
        1,
        null,
        null,
        1,
        0,
        0,
        0,
        null,
        0,
        0,
        null,
        null,
        null,
        1,
        0,
        0,
        0,
        null,
        null,
        1,
        1,
        5,
        null,
        null,
        0,
        0,
        null,
        null
      ],
      "/Users/ch/Development/ticketee/app/models/project.rb": [
        1,
        1,
        1,
        1,
        1,
        null,
        1,
        28,
        null,
        null,
        1,
        28,
        null,
        null
      ],
      "/Users/ch/Development/ticketee/app/controllers/registrations_controller.rb": [
        1,
        null,
        1,
        null,
        1,
        0,
        null,
        null
      ],
      "/Users/ch/Development/ticketee/app/controllers/tickets_controller.rb": [
        1,
        1,
        1,
        1,
        1,
        1,
        1,
        null,
        1,
        5,
        5,
        null,
        null,
        1,
        5,
        5,
        null,
        5,
        3,
        3,
        null,
        2,
        2,
        null,
        null,
        null,
        1,
        3,
        3,
        null,
        null,
        1,
        null,
        null,
        1,
        0,
        0,
        0,
        null,
        0,
        0,
        null,
        null,
        null,
        1,
        0,
        0,
        0,
        null,
        null,
        1,
        1,
        13,
        null,
        0,
        0,
        null,
        null,
        1,
        3,
        null,
        null,
        1,
        10,
        0,
        0,
        null,
        null,
        null,
        1,
        0,
        0,
        0,
        null,
        null,
        null,
        1,
        0,
        0,
        0,
        null,
        null,
        null
      ],
      "/Users/ch/Development/ticketee/app/models/ticket.rb": [
        1,
        1,
        1,
        1,
        1,
        1,
        1,
        1,
        1,
        null,
        1,
        1,
        1,
        null,
        1,
        null,
        1,
        null,
        1,
        4,
        3,
        2,
        null,
        null,
        null,
        null
      ],
      "/Users/ch/Development/ticketee/app/controllers/users_controller.rb": [
        1,
        1,
        null,
        null
      ],
      "/Users/ch/Development/ticketee/app/models/ability.rb": [
        1,
        1,
        null,
        1,
        18,
        36,
        null,
        15,
        null,
        null,
        null,
        null
      ],
      "/Users/ch/Development/ticketee/app/models/asset.rb": [
        1,
        1,
        1,
        null,
        1,
        null
      ],
      "/Users/ch/Development/ticketee/app/models/tag.rb": [
        1,
        1,
        null
      ]
    },
    "timestamp": 1364162916
  }
}
