{
  "RSpec": {
    "coverage": {
      "/Users/ch/Development/ticketee/app/models/user.rb": [
        1,
        null,
        null,
        1,
        null,
        null,
        null,
        null,
        1,
        1,
        null,
        1,
        null,
        1,
        43,
        null,
        null
      ],
      "/Users/ch/Development/ticketee/app/controllers/application_controller.rb": [
        1,
        1,
        1,
        null,
        1,
        null,
        1,
        82,
        82,
        6,
        6,
        null,
        null,
        null,
        1,
        398,
        null,
        null
      ],
      "/Users/ch/Development/ticketee/app/helpers/application_helper.rb": [
        1,
        1,
        34,
        34,
        34,
        null,
        null,
        null,
        null,
        1,
        342,
        null,
        null,
        1,
        82,
        null,
        null
      ],
      "/Users/ch/Development/ticketee/app/helpers/admin/permissions_helper.rb": [
        1,
        1,
        null,
        null,
        null,
        null,
        null,
        16,
        null,
        null
      ],
      "/Users/ch/Development/ticketee/app/helpers/admin/states_helper.rb": [
        1,
        null
      ],
      "/Users/ch/Development/ticketee/app/helpers/admin/users_helper.rb": [
        1,
        null
      ],
      "/Users/ch/Development/ticketee/app/helpers/comments_helper.rb": [
        1,
        null
      ],
      "/Users/ch/Development/ticketee/app/helpers/files_helper.rb": [
        1,
        null
      ],
      "/Users/ch/Development/ticketee/app/helpers/projects_helper.rb": [
        1,
        null
      ],
      "/Users/ch/Development/ticketee/app/helpers/tickets_helper.rb": [
        1,
        1,
        2,
        2,
        2,
        2,
        0,
        null,
        2,
        null,
        null,
        null,
        null,
        null
      ],
      "/Users/ch/Development/ticketee/app/helpers/users_helper.rb": [
        1,
        null
      ],
      "/Users/ch/Development/ticketee/app/controllers/admin/base_controller.rb": [
        1,
        1,
        null,
        1,
        null,
        null
      ],
      "/Users/ch/Development/ticketee/app/controllers/admin/permissions_controller.rb": [
        1,
        1,
        null,
        1,
        8,
        8,
        null,
        null,
        1,
        4,
        null,
        null,
        4,
        4,
        7,
        null,
        4,
        null,
        4,
        4,
        null,
        null,
        1,
        null,
        1,
        12,
        null,
        null
      ],
      "/Users/ch/Development/ticketee/app/models/permission.rb": [
        1,
        1,
        1,
        1,
        null
      ],
      "/Users/ch/Development/ticketee/app/controllers/admin/states_controller.rb": [
        1,
        1,
        4,
        null,
        null,
        1,
        1,
        null,
        null,
        1,
        1,
        null,
        1,
        1,
        1,
        null,
        0,
        0,
        null,
        null,
        null,
        1,
        1,
        1,
        null,
        1,
        1,
        null,
        null
      ],
      "/Users/ch/Development/ticketee/app/models/state.rb": [
        1,
        1,
        null,
        1,
        12,
        null,
        null,
        1,
        1,
        null,
        1,
        1,
        null,
        1,
        1,
        1,
        null,
        null,
        null
      ],
      "/Users/ch/Development/ticketee/app/controllers/admin/users_controller.rb": [
        1,
        1,
        null,
        1,
        18,
        null,
        null,
        1,
        3,
        null,
        null,
        1,
        3,
        null,
        3,
        2,
        2,
        null,
        1,
        1,
        null,
        null,
        null,
        1,
        3,
        null,
        3,
        3,
        3,
        null,
        null,
        3,
        2,
        2,
        null,
        1,
        1,
        null,
        null,
        null,
        1,
        2,
        1,
        null,
        1,
        1,
        null,
        null,
        2,
        null,
        null,
        1,
        null,
        1,
        17,
        null,
        null,
        null
      ],
      "/Users/ch/Development/ticketee/app/controllers/comments_controller.rb": [
        1,
        1,
        1,
        null,
        1,
        3,
        3,
        null,
        3,
        2,
        2,
        null,
        1,
        1,
        1,
        null,
        null,
        null,
        1,
        null,
        1,
        3,
        null,
        null
      ],
      "/Users/ch/Development/ticketee/app/models/comment.rb": [
        1,
        1,
        1,
        1,
        1,
        1,
        1,
        1,
        1,
        null,
        1,
        null,
        1,
        null,
        1,
        2,
        2,
        null,
        null,
        1,
        2,
        null,
        null
      ],
      "/Users/ch/Development/ticketee/app/controllers/files_controller.rb": [
        1,
        1,
        null,
        1,
        1,
        1,
        null,
        1,
        null,
        null,
        1,
        2,
        null,
        2,
        1,
        null,
        null,
        null,
        1,
        1,
        null,
        null,
        null
      ],
      "/Users/ch/Development/ticketee/app/controllers/projects_controller.rb": [
        1,
        1,
        1,
        1,
        null,
        1,
        85,
        null,
        null,
        1,
        2,
        null,
        null,
        1,
        2,
        2,
        1,
        null,
        1,
        1,
        null,
        null,
        null,
        1,
        null,
        null,
        1,
        null,
        null,
        1,
        2,
        1,
        1,
        null,
        1,
        1,
        null,
        null,
        null,
        1,
        1,
        1,
        1,
        null,
        null,
        1,
        1,
        43,
        null,
        null,
        4,
        4,
        null,
        null
      ],
      "/Users/ch/Development/ticketee/app/models/project.rb": [
        1,
        1,
        1,
        1,
        1,
        null,
        1,
        113,
        null,
        null,
        1,
        177,
        null,
        null
      ],
      "/Users/ch/Development/ticketee/app/controllers/registrations_controller.rb": [
        1,
        null,
        1,
        null,
        1,
        1,
        null,
        null
      ],
      "/Users/ch/Development/ticketee/app/controllers/tickets_controller.rb": [
        1,
        1,
        1,
        1,
        1,
        1,
        1,
        null,
        1,
        6,
        6,
        null,
        null,
        1,
        6,
        6,
        null,
        6,
        4,
        4,
        null,
        2,
        2,
        null,
        null,
        null,
        1,
        23,
        23,
        null,
        null,
        1,
        null,
        null,
        1,
        3,
        2,
        2,
        null,
        1,
        1,
        null,
        null,
        null,
        1,
        2,
        2,
        2,
        null,
        null,
        1,
        1,
        49,
        null,
        1,
        1,
        null,
        null,
        1,
        34,
        null,
        null,
        1,
        14,
        2,
        2,
        null,
        null,
        null,
        1,
        8,
        2,
        2,
        null,
        null,
        null,
        1,
        3,
        1,
        1,
        null,
        null,
        null
      ],
      "/Users/ch/Development/ticketee/app/models/ticket.rb": [
        1,
        1,
        1,
        1,
        1,
        1,
        1,
        1,
        null,
        1,
        1,
        null
      ],
      "/Users/ch/Development/ticketee/app/controllers/users_controller.rb": [
        1,
        1,
        null,
        null
      ],
      "/Users/ch/Development/ticketee/app/models/ability.rb": [
        1,
        1,
        null,
        1,
        91,
        120,
        null,
        41,
        null,
        null,
        null,
        null
      ],
      "/Users/ch/Development/ticketee/app/models/asset.rb": [
        1,
        1,
        1,
        null,
        1,
        null
      ]
    },
    "timestamp": 1364106659
  }
}
